<?xml version="1.0" encoding="UTF-8"?>
<!-- Generated by org.testng.reporters.JUnitReportReporter -->
<testsuite hostname="DESKTOP-8TKUC8G" failures="0" tests="3" name="practice_package.Testng01" time="0.021" errors="0" timestamp="2023-12-20T10:22:58 IST" skipped="0">
  <testcase classname="practice_package.Testng01" name="awhi" time="0.009"/>
  <system-out/>
  <testcase classname="practice_package.Testng01" name="arun" time="0.006"/>
  <system-out/>
  <testcase classname="practice_package.Testng01" name="keerthi" time="0.006"/>
  <system-out/>
</testsuite> <!-- practice_package.Testng01 -->
