<?xml version="1.0" encoding="UTF-8"?>
<!-- Generated by org.testng.reporters.JUnitReportReporter -->
<testsuite hostname="DESKTOP-8TKUC8G" failures="0" tests="1" name="practice_package.Second_test" time="0.001" errors="0" timestamp="2023-12-20T10:22:58 IST" skipped="0">
  <testcase classname="practice_package.Second_test" name="second_testmethod" time="0.001"/>
  <system-out/>
</testsuite> <!-- practice_package.Second_test -->
