<?xml version="1.0" encoding="UTF-8"?>
<!-- Generated by org.testng.reporters.JUnitReportReporter -->
<testsuite hostname="DESKTOP-8TKUC8G" failures="0" tests="1" name="practice_package.NewTest" time="0.005" errors="0" timestamp="2023-12-20T10:19:04 IST" skipped="0">
  <testcase classname="practice_package.NewTest" name="f" time="0.005"/>
  <system-out/>
</testsuite> <!-- practice_package.NewTest -->
